<?xml version="1.0" encoding="UTF-8"?>
<testng-results skipped="0" failed="0" ignored="0" total="1" passed="1">
  <reporter-output>
  </reporter-output>
  <suite name="Default suite" duration-ms="4594" started-at="2020-05-13T14:12:37Z" finished-at="2020-05-13T14:12:41Z">
    <groups>
    </groups>
    <test name="Default test" duration-ms="4594" started-at="2020-05-13T14:12:37Z" finished-at="2020-05-13T14:12:41Z">
      <class name="restAssuredTests.POST_Request">
        <test-method status="PASS" signature="inputData()[pri:0, instance:restAssuredTests.POST_Request@91161c7]" name="inputData" is-config="true" duration-ms="585" started-at="2020-05-13T14:12:37Z" finished-at="2020-05-13T14:12:37Z">
          <reporter-output>
          </reporter-output>
        </test-method> <!-- inputData -->
        <test-method status="PASS" signature="doPost()[pri:0, instance:restAssuredTests.POST_Request@91161c7]" name="doPost" duration-ms="3978" started-at="2020-05-13T14:12:37Z" finished-at="2020-05-13T14:12:41Z">
          <reporter-output>
          </reporter-output>
        </test-method> <!-- doPost -->
      </class> <!-- restAssuredTests.POST_Request -->
    </test> <!-- Default test -->
  </suite> <!-- Default suite -->
</testng-results>
